mode: set
/Users/yuonoda/GolandProjects/gopherdojo-studyroom/kadai1/yuonoda/lib/convImages.go:17.63,21.56 2 0
/Users/yuonoda/GolandProjects/gopherdojo-studyroom/kadai1/yuonoda/lib/convImages.go:39.2,39.16 1 0
/Users/yuonoda/GolandProjects/gopherdojo-studyroom/kadai1/yuonoda/lib/convImages.go:42.2,42.19 1 0
/Users/yuonoda/GolandProjects/gopherdojo-studyroom/kadai1/yuonoda/lib/convImages.go:21.56,22.18 1 0
/Users/yuonoda/GolandProjects/gopherdojo-studyroom/kadai1/yuonoda/lib/convImages.go:25.4,25.20 1 0
/Users/yuonoda/GolandProjects/gopherdojo-studyroom/kadai1/yuonoda/lib/convImages.go:30.4,31.35 2 0
/Users/yuonoda/GolandProjects/gopherdojo-studyroom/kadai1/yuonoda/lib/convImages.go:34.4,35.14 2 0
/Users/yuonoda/GolandProjects/gopherdojo-studyroom/kadai1/yuonoda/lib/convImages.go:22.18,24.5 1 0
/Users/yuonoda/GolandProjects/gopherdojo-studyroom/kadai1/yuonoda/lib/convImages.go:25.20,27.5 1 0
/Users/yuonoda/GolandProjects/gopherdojo-studyroom/kadai1/yuonoda/lib/convImages.go:31.35,33.5 1 0
/Users/yuonoda/GolandProjects/gopherdojo-studyroom/kadai1/yuonoda/lib/convImages.go:39.16,41.3 1 0
/Users/yuonoda/GolandProjects/gopherdojo-studyroom/kadai1/yuonoda/lib/convImages.go:46.11,51.16 3 0
/Users/yuonoda/GolandProjects/gopherdojo-studyroom/kadai1/yuonoda/lib/convImages.go:56.2,56.29 1 0
/Users/yuonoda/GolandProjects/gopherdojo-studyroom/kadai1/yuonoda/lib/convImages.go:51.16,53.3 1 0
/Users/yuonoda/GolandProjects/gopherdojo-studyroom/kadai1/yuonoda/lib/convImages.go:56.29,61.17 3 0
/Users/yuonoda/GolandProjects/gopherdojo-studyroom/kadai1/yuonoda/lib/convImages.go:66.3,70.17 5 0
/Users/yuonoda/GolandProjects/gopherdojo-studyroom/kadai1/yuonoda/lib/convImages.go:75.3,77.17 3 0
/Users/yuonoda/GolandProjects/gopherdojo-studyroom/kadai1/yuonoda/lib/convImages.go:82.3,83.50 2 0
/Users/yuonoda/GolandProjects/gopherdojo-studyroom/kadai1/yuonoda/lib/convImages.go:61.17,63.4 1 0
/Users/yuonoda/GolandProjects/gopherdojo-studyroom/kadai1/yuonoda/lib/convImages.go:70.17,72.4 1 0
/Users/yuonoda/GolandProjects/gopherdojo-studyroom/kadai1/yuonoda/lib/convImages.go:77.17,79.4 1 0
/Users/yuonoda/GolandProjects/gopherdojo-studyroom/kadai1/yuonoda/lib/img.go:17.72,18.16 1 1
/Users/yuonoda/GolandProjects/gopherdojo-studyroom/kadai1/yuonoda/lib/img.go:30.2,30.8 1 1
/Users/yuonoda/GolandProjects/gopherdojo-studyroom/kadai1/yuonoda/lib/img.go:19.13,21.8 2 1
/Users/yuonoda/GolandProjects/gopherdojo-studyroom/kadai1/yuonoda/lib/img.go:22.13,24.8 2 1
/Users/yuonoda/GolandProjects/gopherdojo-studyroom/kadai1/yuonoda/lib/img.go:25.13,26.32 1 1
/Users/yuonoda/GolandProjects/gopherdojo-studyroom/kadai1/yuonoda/lib/img.go:27.10,28.49 1 0
/Users/yuonoda/GolandProjects/gopherdojo-studyroom/kadai1/yuonoda/lib/img.go:33.72,35.16 1 1
/Users/yuonoda/GolandProjects/gopherdojo-studyroom/kadai1/yuonoda/lib/img.go:45.2,45.8 1 0
/Users/yuonoda/GolandProjects/gopherdojo-studyroom/kadai1/yuonoda/lib/img.go:36.13,37.33 1 1
/Users/yuonoda/GolandProjects/gopherdojo-studyroom/kadai1/yuonoda/lib/img.go:38.13,39.38 1 1
/Users/yuonoda/GolandProjects/gopherdojo-studyroom/kadai1/yuonoda/lib/img.go:40.13,41.39 1 1
/Users/yuonoda/GolandProjects/gopherdojo-studyroom/kadai1/yuonoda/lib/img.go:42.10,43.50 1 1
